2021-02-22 13:32:49 Start reading data from otu_table.xls.filter_0.02_prevalence.balance.csv
2021-02-22 13:32:49 Finish loading data from otu_table.xls.filter_0.02_prevalence.balance.csv, dimension is (1066, 45), 
 			 label counts Counter({'D006262': 615, 'D003093': 451})
2021-02-22 13:34:29 Start reading data from otu_table.xls.filter_0.02_prevalence.balance.csv
2021-02-22 13:34:29 Start reading data from otu_table.xls.filter_0.02_prevalence.balance.csv
2021-02-22 13:34:29 Finish loading data from otu_table.xls.filter_0.02_prevalence.balance.csv, dimension is (1066, 45), 
 			 label counts Counter({'D006262': 615, 'D003093': 451})
2021-02-22 13:34:29 Finish loading data from otu_table.xls.filter_0.02_prevalence.balance.csv, dimension is (1066, 45), 
 			 label counts Counter({'D006262': 615, 'D003093': 451})
2021-02-22 13:34:36 Hypertune the classifier LogisticRegression with GridSearchCV
2021-02-22 13:34:36 Hypertune the classifier LogisticRegression with GridSearchCV
2021-02-22 13:34:45 Best optimized classifier: LogisticRegression , Accuracy:0.77, Best Param:{'C': 1.0}
2021-02-22 13:34:45 Best optimized classifier: LogisticRegression , Accuracy:0.77, Best Param:{'C': 1.0}
2021-02-22 13:34:46 Pipeline is finished
2021-02-22 13:34:46 Pipeline is finished
2021-02-22 13:34:46 Start reading data from otu_table.xls.filter_0.02_prevalence.balance.csv
2021-02-22 13:34:46 Start reading data from otu_table.xls.filter_0.02_prevalence.balance.csv
2021-02-22 13:34:46 Finish loading data from otu_table.xls.filter_0.02_prevalence.balance.csv, dimension is (1066, 45), 
 			 label counts Counter({'D006262': 615, 'D003093': 451})
2021-02-22 13:34:46 Finish loading data from otu_table.xls.filter_0.02_prevalence.balance.csv, dimension is (1066, 45), 
 			 label counts Counter({'D006262': 615, 'D003093': 451})
2021-02-22 13:34:51 The dataset is class-imbalanced, dataset shape Counter({1: 615, 0: 451}) before over sampling
2021-02-22 13:34:51 The dataset is class-imbalanced, dataset shape Counter({1: 615, 0: 451}) before over sampling
2021-02-22 13:34:51 Over sampled dataset with ADASYN, shape Counter({0: 635, 1: 615})
2021-02-22 13:34:51 Over sampled dataset with ADASYN, shape Counter({0: 635, 1: 615})
2021-02-22 13:34:51 Hypertune the classifier LogisticRegression with GridSearchCV
2021-02-22 13:34:51 Hypertune the classifier LogisticRegression with GridSearchCV
2021-02-22 13:35:00 Best optimized classifier: LogisticRegression , Accuracy:0.76, Best Param:{'C': 1.0}
2021-02-22 13:35:00 Best optimized classifier: LogisticRegression , Accuracy:0.76, Best Param:{'C': 1.0}
2021-02-22 13:35:01 Pipeline is finished
2021-02-22 13:35:01 Pipeline is finished
2021-02-22 13:35:01 Start reading data from otu_table.xls.filter_0.02_prevalence.balance.csv
2021-02-22 13:35:01 Start reading data from otu_table.xls.filter_0.02_prevalence.balance.csv
2021-02-22 13:35:01 Finish loading data from otu_table.xls.filter_0.02_prevalence.balance.csv, dimension is (1066, 45), 
 			 label counts Counter({'D006262': 615, 'D003093': 451})
2021-02-22 13:35:01 Finish loading data from otu_table.xls.filter_0.02_prevalence.balance.csv, dimension is (1066, 45), 
 			 label counts Counter({'D006262': 615, 'D003093': 451})
2021-02-22 13:35:07 The dataset is class-imbalanced, dataset shape Counter({1: 615, 0: 451}) before over sampling
2021-02-22 13:35:07 The dataset is class-imbalanced, dataset shape Counter({1: 615, 0: 451}) before over sampling
2021-02-22 13:35:07 Over sampled dataset with KMeansSMOTE, shape Counter({0: 617, 1: 615})
2021-02-22 13:35:07 Over sampled dataset with KMeansSMOTE, shape Counter({0: 617, 1: 615})
2021-02-22 13:35:07 Hypertune the classifier LogisticRegression with GridSearchCV
2021-02-22 13:35:07 Hypertune the classifier LogisticRegression with GridSearchCV
2021-02-22 13:35:16 Best optimized classifier: LogisticRegression , Accuracy:0.80, Best Param:{'C': 1.0}
2021-02-22 13:35:16 Best optimized classifier: LogisticRegression , Accuracy:0.80, Best Param:{'C': 1.0}
2021-02-22 13:35:17 Pipeline is finished
2021-02-22 13:35:17 Pipeline is finished
2021-02-22 13:35:17 Start reading data from otu_table.xls.filter_0.02_prevalence.balance.csv
2021-02-22 13:35:17 Start reading data from otu_table.xls.filter_0.02_prevalence.balance.csv
2021-02-22 13:35:17 Finish loading data from otu_table.xls.filter_0.02_prevalence.balance.csv, dimension is (1066, 45), 
 			 label counts Counter({'D006262': 615, 'D003093': 451})
2021-02-22 13:35:17 Finish loading data from otu_table.xls.filter_0.02_prevalence.balance.csv, dimension is (1066, 45), 
 			 label counts Counter({'D006262': 615, 'D003093': 451})
2021-02-22 13:35:23 The dataset is class-imbalanced, dataset shape Counter({1: 615, 0: 451}) before over sampling
2021-02-22 13:35:23 The dataset is class-imbalanced, dataset shape Counter({1: 615, 0: 451}) before over sampling
2021-02-22 13:35:23 Over sampled dataset with SMOTE, shape Counter({1: 615, 0: 615})
2021-02-22 13:35:23 Over sampled dataset with SMOTE, shape Counter({1: 615, 0: 615})
2021-02-22 13:35:23 Hypertune the classifier LogisticRegression with GridSearchCV
2021-02-22 13:35:23 Hypertune the classifier LogisticRegression with GridSearchCV
2021-02-22 13:35:31 Best optimized classifier: LogisticRegression , Accuracy:0.78, Best Param:{'C': 10000.0}
2021-02-22 13:35:31 Best optimized classifier: LogisticRegression , Accuracy:0.78, Best Param:{'C': 10000.0}
2021-02-22 13:35:31 Pipeline is finished
2021-02-22 13:35:31 Pipeline is finished
2021-02-22 13:35:31 Start reading data from otu_table.xls.filter_0.02_prevalence.balance.csv
2021-02-22 13:35:31 Start reading data from otu_table.xls.filter_0.02_prevalence.balance.csv
2021-02-22 13:35:31 Finish loading data from otu_table.xls.filter_0.02_prevalence.balance.csv, dimension is (1066, 45), 
 			 label counts Counter({'D006262': 615, 'D003093': 451})
2021-02-22 13:35:31 Finish loading data from otu_table.xls.filter_0.02_prevalence.balance.csv, dimension is (1066, 45), 
 			 label counts Counter({'D006262': 615, 'D003093': 451})
2021-02-22 13:35:37 The dataset is class-imbalanced, dataset shape Counter({1: 615, 0: 451}) before over sampling
2021-02-22 13:35:37 The dataset is class-imbalanced, dataset shape Counter({1: 615, 0: 451}) before over sampling
2021-02-22 13:35:37 Over sampled dataset with SVMSMOTE, shape Counter({1: 615, 0: 615})
2021-02-22 13:35:37 Over sampled dataset with SVMSMOTE, shape Counter({1: 615, 0: 615})
2021-02-22 13:35:37 Hypertune the classifier LogisticRegression with GridSearchCV
2021-02-22 13:35:37 Hypertune the classifier LogisticRegression with GridSearchCV
2021-02-22 13:35:46 Best optimized classifier: LogisticRegression , Accuracy:0.77, Best Param:{'C': 10000.0}
2021-02-22 13:35:46 Best optimized classifier: LogisticRegression , Accuracy:0.77, Best Param:{'C': 10000.0}
2021-02-22 13:35:47 Pipeline is finished
2021-02-22 13:35:47 Pipeline is finished
2021-02-22 13:35:47 Start reading data from otu_table.xls.filter_0.02_prevalence.balance.csv
2021-02-22 13:35:47 Start reading data from otu_table.xls.filter_0.02_prevalence.balance.csv
2021-02-22 13:35:47 Finish loading data from otu_table.xls.filter_0.02_prevalence.balance.csv, dimension is (1066, 45), 
 			 label counts Counter({'D006262': 615, 'D003093': 451})
2021-02-22 13:35:47 Finish loading data from otu_table.xls.filter_0.02_prevalence.balance.csv, dimension is (1066, 45), 
 			 label counts Counter({'D006262': 615, 'D003093': 451})
2021-02-22 13:35:54 The dataset is class-imbalanced, dataset shape Counter({1: 615, 0: 451}) before over sampling
2021-02-22 13:35:54 The dataset is class-imbalanced, dataset shape Counter({1: 615, 0: 451}) before over sampling
2021-02-22 13:35:54 Over sampled dataset with BorderlineSMOTE, shape Counter({1: 615, 0: 615})
2021-02-22 13:35:54 Over sampled dataset with BorderlineSMOTE, shape Counter({1: 615, 0: 615})
2021-02-22 13:35:54 Hypertune the classifier LogisticRegression with GridSearchCV
2021-02-22 13:35:54 Hypertune the classifier LogisticRegression with GridSearchCV
2021-02-22 13:36:02 Best optimized classifier: LogisticRegression , Accuracy:0.74, Best Param:{'C': 1.0}
2021-02-22 13:36:02 Best optimized classifier: LogisticRegression , Accuracy:0.74, Best Param:{'C': 1.0}
2021-02-22 13:36:02 Pipeline is finished
2021-02-22 13:36:02 Pipeline is finished
2021-02-22 13:36:02 Start reading data from otu_table.xls.filter_0.02_prevalence.balance.csv
2021-02-22 13:36:02 Start reading data from otu_table.xls.filter_0.02_prevalence.balance.csv
2021-02-22 13:36:02 Finish loading data from otu_table.xls.filter_0.02_prevalence.balance.csv, dimension is (1066, 45), 
 			 label counts Counter({'D006262': 615, 'D003093': 451})
2021-02-22 13:36:02 Finish loading data from otu_table.xls.filter_0.02_prevalence.balance.csv, dimension is (1066, 45), 
 			 label counts Counter({'D006262': 615, 'D003093': 451})
2021-02-22 13:36:09 The dataset is class-imbalanced, dataset shape Counter({1: 615, 0: 451}) before over sampling
2021-02-22 13:36:09 The dataset is class-imbalanced, dataset shape Counter({1: 615, 0: 451}) before over sampling
2021-02-22 13:36:09 Over sampled dataset with RandomOverSampler, shape Counter({1: 615, 0: 615})
2021-02-22 13:36:09 Over sampled dataset with RandomOverSampler, shape Counter({1: 615, 0: 615})
2021-02-22 13:36:09 Hypertune the classifier LogisticRegression with GridSearchCV
2021-02-22 13:36:09 Hypertune the classifier LogisticRegression with GridSearchCV
2021-02-22 13:36:16 Best optimized classifier: LogisticRegression , Accuracy:0.77, Best Param:{'C': 1.0}
2021-02-22 13:36:16 Best optimized classifier: LogisticRegression , Accuracy:0.77, Best Param:{'C': 1.0}
2021-02-22 13:36:17 Pipeline is finished
2021-02-22 13:36:17 Pipeline is finished
